<?xml version="1.0" encoding="UTF-8"?>
<testsuite xmlns:xsi="http://www.w3.org/2001/XMLSchema-instance" xsi:noNamespaceSchemaLocation="https://maven.apache.org/surefire/maven-surefire-plugin/xsd/surefire-test-report-3.0.xsd" version="3.0" name="roman1.RomanTest" time="0.108" tests="21" errors="0" skipped="0" failures="0">
  <properties>
[...]
</properties>
  <testcase name="should_arabic_number_seventy_eight_return_L" classname="roman1.RomanTest" time="0.043"/>
  <testcase name="should_arabic_number_one_return_I" classname="roman1.RomanTest" time="0.001"/>
  <testcase name="should_arabic_number_six_return_VI" classname="roman1.RomanTest" time="0.001"/>
  <testcase name="should_arabic_number_378_return_CCCLXXVIII" classname="roman1.RomanTest" time="0.001"/>
  <testcase name="should_arabic_number_3999_return_MMMCMXCIX" classname="roman1.RomanTest" time="0"/>
  <testcase name="should_arabic_number_seven_return_VII" classname="roman1.RomanTest" time="0.001"/>
  <testcase name="should_arabic_number_959_return_CMLIX" classname="roman1.RomanTest" time="0.001"/>
  <testcase name="should_arabic_number_two_return_II" classname="roman1.RomanTest" time="0.001"/>
  <testcase name="should_arabic_number_fifty_return_L" classname="roman1.RomanTest" time="0.001"/>
  <testcase name="should_arabic_number_3888_return_MMMDCCCLXXXVIII_new" classname="roman1.RomanTest" time="0"/>
  <testcase name="should_arabic_number_three_return_III" classname="roman1.RomanTest" time="0.001"/>
  <testcase name="should_arabic_number_eight_return_VIII" classname="roman1.RomanTest" time="0.001"/>
  <testcase name="should_arabic_number_959_return_CMLIX_new" classname="roman1.RomanTest" time="0.001"/>
  <testcase name="should_arabic_number_3888_return_MMMDCCCLXXXVIII" classname="roman1.RomanTest" time="0"/>
  <testcase name="should_arabic_number_thirty_eight_return_XXXVIII" classname="roman1.RomanTest" time="0.001"/>
  <testcase name="should_arabic_number_thirty_return_XXX" classname="roman1.RomanTest" time="0"/>
  <testcase name="should_arabic_number_ten_return_X" classname="roman1.RomanTest" time="0.001"/>
  <testcase name="should_arabic_number_twanty_three_return_XXIII" classname="roman1.RomanTest" time="0.001"/>
  <testcase name="should_arabic_number_five_return_V" classname="roman1.RomanTest" time="0"/>
  <testcase name="should_arabic_number_3999_return_MMMCMXCIX_new" classname="roman1.RomanTest" time="0.001"/>
  <testcase name="should_arabic_number_eighty_five_return_LXXXV" classname="roman1.RomanTest" time="0.001"/>
</testsuite>